<?xml version="1.0" encoding="UTF-8"?>
<testsuite name="com.orangehrmlive.TestNGOrangeHrmLogin" tests="1" skipped="0" failures="0" errors="0" timestamp="2024-10-09T09:58:32" hostname="MEHEDI" time="0.005">
  <properties/>
  <testcase name="validateHomePageTitleAfterLogin" classname="com.orangehrmlive.TestNGOrangeHrmLogin" time="0.005"/>
  <system-out><![CDATA[]]></system-out>
  <system-err><![CDATA[]]></system-err>
</testsuite>
